<?xml version="1.0" encoding="UTF-8"?>
<testsuite xmlns:xsi="http://www.w3.org/2001/XMLSchema-instance" xsi:noNamespaceSchemaLocation="https://maven.apache.org/surefire/maven-surefire-plugin/xsd/surefire-test-report.xsd" version="3.0.2" name="com.sailsnap.backend.BackendApplicationTests" time="1.554" tests="1" errors="0" skipped="0" failures="0">
  <properties>
[...]
</properties>
  <testcase name="contextLoads" classname="com.sailsnap.backend.BackendApplicationTests" time="0.384">
    <system-out><![CDATA[20:07:17.927 [main] INFO org.springframework.test.context.support.AnnotationConfigContextLoaderUtils -- Could not detect default configuration classes for test class [com.sailsnap.backend.BackendApplicationTests]: BackendApplicationTests does not declare any static, non-private, non-final, nested classes annotated with @Configuration.
20:07:17.989 [main] INFO org.springframework.boot.test.context.SpringBootTestContextBootstrapper -- Found @SpringBootConfiguration com.sailsnap.backend.BackendApplication for test class com.sailsnap.backend.BackendApplicationTests
20:07:18.071 [main] INFO org.springframework.boot.devtools.restart.RestartApplicationListener -- Restart disabled due to context in which it is running

  .   ____          _            __ _ _
 /\\ / ___'_ __ _ _(_)_ __  __ _ \ \ \ \
( ( )\___ | '_ | '_| | '_ \/ _` | \ \ \ \
 \\/  ___)| |_)| | | | | || (_| |  ) ) ) )
  '  |____| .__|_| |_|_| |_\__, | / / / /
 =========|_|==============|___/=/_/_/_/

 :: Spring Boot ::                (v3.5.3)

2025-07-18T20:07:18.235-07:00  INFO 154893 --- [backend] [           main] c.s.backend.BackendApplicationTests      : Starting BackendApplicationTests using Java 21.0.7 with PID 154893 (started by pmelvin in /home/pmelvin/Code/sailsnap-saas/src/backend)
2025-07-18T20:07:18.236-07:00  INFO 154893 --- [backend] [           main] c.s.backend.BackendApplicationTests      : No active profile set, falling back to 1 default profile: "default"
2025-07-18T20:07:18.732-07:00  WARN 154893 --- [backend] [           main] .s.s.UserDetailsServiceAutoConfiguration : 

Using generated security password: 40872ca7-a1da-4b39-b571-f533b6231be5

This generated password is for development use only. Your security configuration must be updated before running your application in production.

2025-07-18T20:07:18.735-07:00  INFO 154893 --- [backend] [           main] r$InitializeUserDetailsManagerConfigurer : Global AuthenticationManager configured with UserDetailsService bean with name inMemoryUserDetailsManager
2025-07-18T20:07:19.004-07:00  INFO 154893 --- [backend] [           main] c.s.backend.BackendApplicationTests      : Started BackendApplicationTests in 0.94 seconds (process running for 1.459)
]]></system-out>
    <system-err><![CDATA[SLF4J(W): Class path contains multiple SLF4J providers.
SLF4J(W): Found provider [ch.qos.logback.classic.spi.LogbackServiceProvider@2118cddf]
SLF4J(W): Found provider [org.apache.logging.slf4j.SLF4JServiceProvider@17a7f733]
SLF4J(W): See https://www.slf4j.org/codes.html#multiple_bindings for an explanation.
SLF4J(I): Actual provider is of type [ch.qos.logback.classic.spi.LogbackServiceProvider@2118cddf]
Mockito is currently self-attaching to enable the inline-mock-maker. This will no longer work in future releases of the JDK. Please add Mockito as an agent to your build as described in Mockito's documentation: https://javadoc.io/doc/org.mockito/mockito-core/latest/org.mockito/org/mockito/Mockito.html#0.3
WARNING: A Java agent has been loaded dynamically (/home/pmelvin/.m2/repository/net/bytebuddy/byte-buddy-agent/1.17.6/byte-buddy-agent-1.17.6.jar)
WARNING: If a serviceability tool is in use, please run with -XX:+EnableDynamicAgentLoading to hide this warning
WARNING: If a serviceability tool is not in use, please run with -Djdk.instrument.traceUsage for more information
WARNING: Dynamic loading of agents will be disallowed by default in a future release
]]></system-err>
  </testcase>
</testsuite>